Arguments: 
  C:\Program Files\nodejs\node.exe C:\Users\HP\AppData\Roaming\npm\node_modules\yarn\bin\yarn.js add json-server

PATH: 
  C:\Users\HP\bin;C:\Program Files\Git\mingw64\bin;C:\Program Files\Git\usr\local\bin;C:\Program Files\Git\usr\bin;C:\Program Files\Git\usr\bin;C:\Program Files\Git\mingw64\bin;C:\Program Files\Git\usr\bin;C:\Users\HP\bin;C:\Windows\system32;C:\Windows;C:\Windows\System32\Wbem;C:\Windows\System32\WindowsPowerShell\v1.0;C:\Windows\System32\OpenSSH;C:\xampp\php;C:\ProgramData\ComposerSetup\bin;C:\Program Files\Git\cmd;C:\Windows\system32\config\systemprofile\AppData\Roaming\Composer\vendor\bin;C:\Program Files\nodejs;C:\Users\HP\AppData\Local\Microsoft\WindowsApps;C:\Users\HP\AppData\Roaming\Composer\vendor\bin;C:\Users\HP\AppData\Local\Programs\Microsoft VS Code\bin;C:\Program Files (x86)\Brackets;C:\Users\HP\AppData\Roaming\npm;C:\Program Files\Git\usr\bin\vendor_perl;C:\Program Files\Git\usr\bin\core_perl

Yarn version: 
  1.22.17

Node version: 
  16.14.2

Platform: 
  win32 x64

Trace: 
  Error: connect ETIMEDOUT 104.16.24.35:443
      at TCPConnectWrap.afterConnect [as oncomplete] (node:net:1157:16)

npm manifest: 
  {
    "name": "wabpack-babel-env",
    "version": "1.0.0",
    "description": "",
    "main": "index.js",
    "scripts": {
      "test": "echo \"Error: no test specified\" && exit 1",
      "build": "webpack",
      "start": "webpack serve"
    },
    "keywords": [],
    "author": "",
    "license": "ISC",
    "devDependencies": {
      "@babel/core": "^7.17.8",
      "@babel/preset-env": "^7.16.11",
      "babel-loader": "^8.2.4",
      "css-loader": "^6.7.1",
      "html-webpack-plugin": "^5.5.0",
      "sass": "^1.50.0",
      "sass-loader": "^12.6.0",
      "style-loader": "^3.3.1",
      "webpack": "^5.72.0",
      "webpack-cli": "^4.9.2",
      "webpack-dev-server": "^4.8.1"
    },
    "dependencies": {
      "bootstrap": "^5.1.3",
      "boxicons": "^2.1.2"
    }
  }

yarn manifest: 
  No manifest

Lockfile: 
  No lockfile
